Arguments: 
  /usr/local/bin/node /usr/local/bin/yarn start

PATH: 
  /usr/local/bin:/usr/bin:/bin:/usr/sbin:/sbin

Yarn version: 
  1.5.1

Node version: 
  8.11.2

Platform: 
  darwin x64

npm manifest: 
  {
    "name": "server",
    "version": "1.0.0",
    "description": "",
    "main": "index.js",
    "scripts": {
      "start": "node dist/index.js",
      "heroku-postbuild": "babel src --out-dir dist --copy-files",
      "dev": "env-cmd -f ./config/dev.env nodemon src/index.js --ext js,graphql --exec babel-node",
      "test": "echo \"Error: no test specified\" && exit 1",
      "get-schema": "graphql get-schema -p prisma --dotenv config/dev.env"
    },
    "author": "",
    "license": "ISC",
    "dependencies": {
      "@babel/cli": "^7.4.4",
      "@babel/core": "^7.4.5",
      "@babel/node": "^7.4.5",
      "@babel/plugin-proposal-object-rest-spread": "^7.4.4",
      "@babel/polyfill": "^7.4.4",
      "@babel/preset-env": "^7.4.5",
      "@babel/register": "^7.4.4",
      "bcryptjs": "^2.4.3",
      "env-cmd": "^9.0.3",
      "graphql": "^14.3.1",
      "graphql-cli": "^3.0.11",
      "graphql-yoga": "^1.17.4",
      "isomorphic-fetch": "^2.2.1",
      "jsonwebtoken": "^8.5.1",
      "lodash": "^4.17.11",
      "prisma-binding": "^2.3.12"
    },
    "devDependencies": {
      "nodemon": "^1.19.1"
    }
  }

yarn manifest: 
  No manifest

Lockfile: 
  No lockfile

Trace: 
  Error: Command failed.
  Exit code: 1
  Command: sh
  Arguments: -c node dist/index.js
  Directory: /Users/adambohannon/Documents/Dev/surf-app-redux/server
  Output:
  
      at ProcessTermError.MessageError (/usr/local/lib/node_modules/yarn/lib/cli.js:186:110)
      at new ProcessTermError (/usr/local/lib/node_modules/yarn/lib/cli.js:226:113)
      at ChildProcess.<anonymous> (/usr/local/lib/node_modules/yarn/lib/cli.js:30281:17)
      at emitTwo (events.js:126:13)
      at ChildProcess.emit (events.js:214:7)
      at maybeClose (internal/child_process.js:925:16)
      at Process.ChildProcess._handle.onexit (internal/child_process.js:209:5)
